<?xml version="1.0" encoding="UTF-8"?>
<!-- Generated by org.testng.reporters.JUnitXMLReporter -->
<testsuite ignored="4" hostname="DESKTOP-LBN79VH" failures="0" tests="1" name="Default test" time="5.424" errors="0" timestamp="2025-05-26T15:21:32 IST">
  <testcase classname="weddingKartApi_Test.EventCRUD_Test" name="addEvent_Test" time="0.229"/>
  <testcase classname="weddingKartApi_Test.EventCRUD_Test" name="getEventByEventID_Test" time="0.0">
    <ignored/>
  </testcase> <!-- getEventByEventID_Test -->
  <testcase classname="weddingKartApi_Test.EventCRUD_Test" name="updateEvent_Test" time="0.0">
    <ignored/>
  </testcase> <!-- updateEvent_Test -->
  <testcase classname="weddingKartApi_Test.EventCRUD_Test" name="listEvents_Test" time="0.0">
    <ignored/>
  </testcase> <!-- listEvents_Test -->
  <testcase classname="weddingKartApi_Test.EventCRUD_Test" name="deleteEventById_Test" time="0.0">
    <ignored/>
  </testcase> <!-- deleteEventById_Test -->
</testsuite> <!-- Default test -->
