<?xml version="1.0" encoding="UTF-8"?>
<!-- Generated by org.testng.reporters.JUnitXMLReporter -->
<testsuite ignored="0" hostname="WorkBeast" failures="3" tests="3" name="GroupsCRUD_Test" time="2.012" errors="0" timestamp="2025-03-18T21:55:23 IST">
  <testcase classname="weddingKartApi_Test.GroupsCRUD_Test" name="addNewGroupInWedding_Test" time="0.0">
    <failure type="java.lang.NullPointerException" message="Cannot invoke &amp;quot;com.aventstack.extentreports.ExtentReports.createTest(String)&amp;quot; because &amp;quot;this.report&amp;quot; is null">
      <![CDATA[java.lang.NullPointerException: Cannot invoke "com.aventstack.extentreports.ExtentReports.createTest(String)" because "this.report" is null
at weddingKart_GenericUtility.ListenerImpClass.onTestStart(ListenerImpClass.java:40)
at java.base/java.util.ArrayList.forEach(ArrayList.java:1511)
... Removed 24 stack frames]]>
    </failure>
  </testcase> <!-- addNewGroupInWedding_Test -->
  <testcase classname="weddingKartApi_Test.GroupsCRUD_Test" name="addNewGroupInWedding_Test" time="0.0">
    <failure type="java.lang.NullPointerException" message="Cannot invoke &amp;quot;com.aventstack.extentreports.ExtentReports.createTest(String)&amp;quot; because &amp;quot;this.report&amp;quot; is null">
      <![CDATA[java.lang.NullPointerException: Cannot invoke "com.aventstack.extentreports.ExtentReports.createTest(String)" because "this.report" is null
at weddingKart_GenericUtility.ListenerImpClass.onTestStart(ListenerImpClass.java:40)
at java.base/java.util.ArrayList.forEach(ArrayList.java:1511)
... Removed 24 stack frames]]>
    </failure>
  </testcase> <!-- addNewGroupInWedding_Test -->
  <testcase classname="weddingKartApi_Test.GroupsCRUD_Test" name="addNewGroupInWedding_Test" time="0.0">
    <failure type="java.lang.NullPointerException" message="Cannot invoke &amp;quot;com.aventstack.extentreports.ExtentReports.createTest(String)&amp;quot; because &amp;quot;this.report&amp;quot; is null">
      <![CDATA[java.lang.NullPointerException: Cannot invoke "com.aventstack.extentreports.ExtentReports.createTest(String)" because "this.report" is null
at weddingKart_GenericUtility.ListenerImpClass.onTestStart(ListenerImpClass.java:40)
at java.base/java.util.ArrayList.forEach(ArrayList.java:1511)
... Removed 24 stack frames]]>
    </failure>
  </testcase> <!-- addNewGroupInWedding_Test -->
</testsuite> <!-- GroupsCRUD_Test -->
