<?xml version="1.0" encoding="UTF-8"?>
<!-- Generated by org.testng.reporters.JUnitXMLReporter -->
<testsuite ignored="0" hostname="WorkBeast" failures="0" tests="13" name="GuestCRud" time="9.503" errors="0" timestamp="2025-03-18T21:55:21 IST">
  <testcase classname="weddingKartApi_Test.GuestCRUD" name="createGroupForGuestCRUD_Test" time="0.256"/>
  <testcase classname="weddingKartApi_Test.GuestCRUD" name="createGroupForGuestCRUD_Test" time="0.209"/>
  <testcase classname="weddingKartApi_Test.GuestCRUD" name="createGroupForGuestCRUD_Test" time="0.2"/>
  <testcase classname="weddingKartApi_Test.GuestCRUD" name="listGroupsInWeddingForGuestCRUD_Test" time="0.239"/>
  <testcase classname="weddingKartApi_Test.GuestCRUD" name="addNewGuestUsingJsonFile_Test" time="0.279"/>
  <testcase classname="weddingKartApi_Test.GuestCRUD" name="listAllGuest_Test" time="0.184"/>
  <testcase classname="weddingKartApi_Test.GuestCRUD" name="moveGuestToGroup_Test" time="0.238"/>
  <testcase classname="weddingKartApi_Test.GuestCRUD" name="copyToGroup_Test" time="0.234"/>
  <testcase classname="weddingKartApi_Test.GuestCRUD" name="updateGuest_Test" time="1.312"/>
  <testcase classname="weddingKartApi_Test.GuestCRUD" name="getGuestById_Test" time="0.464"/>
  <testcase classname="weddingKartApi_Test.GuestCRUD" name="deleteGuestFromGroup" time="0.189"/>
  <testcase classname="weddingKartApi_Test.GuestCRUD" name="purgeOneGuest_Test" time="0.213"/>
  <testcase classname="weddingKartApi_Test.GuestCRUD" name="purgeAllGuest_Test" time="0.245"/>
</testsuite> <!-- GuestCRud -->
