<?xml version="1.0" encoding="UTF-8"?>
<!-- Generated by org.testng.reporters.JUnitXMLReporter -->
<testsuite ignored="8" hostname="WorkBeast" failures="0" tests="36" name="Test" time="27.082" errors="0" timestamp="2025-03-22T11:33:52 IST">
  <testcase classname="weddingKartApi_Test.GuestCRUD" name="createGroupForGuestCRUD_Test" time="0.271"/>
  <testcase classname="weddingKartApi_Test.GuestCRUD" name="createGroupForGuestCRUD_Test" time="0.2"/>
  <testcase classname="weddingKartApi_Test.GuestCRUD" name="createGroupForGuestCRUD_Test" time="0.203"/>
  <testcase classname="weddingKartApi_Test.GuestCRUD" name="listGroupsInWeddingForGuestCRUD_Test" time="0.252"/>
  <testcase classname="weddingKartApi_Test.GuestCRUD" name="addNewGuestUsingJsonFile_Test" time="0.271"/>
  <testcase classname="weddingKartApi_Test.GuestCRUD" name="listAllGuest_Test" time="0.2"/>
  <testcase classname="weddingKartApi_Test.GuestCRUD" name="moveGuestToGroup_Test" time="0.239"/>
  <testcase classname="weddingKartApi_Test.GuestCRUD" name="copyToGroup_Test" time="0.201"/>
  <testcase classname="weddingKartApi_Test.GuestCRUD" name="updateGuest_Test" time="0.308"/>
  <testcase classname="weddingKartApi_Test.GuestCRUD" name="getGuestById_Test" time="0.183"/>
  <testcase classname="weddingKartApi_Test.GuestCRUD" name="deleteGuestFromGroup" time="0.182"/>
  <testcase classname="weddingKartApi_Test.GuestCRUD" name="purgeOneGuest_Test" time="0.22"/>
  <testcase classname="weddingKartApi_Test.GuestCRUD" name="purgeAllGuest_Test" time="0.21"/>
  <testcase classname="weddingKartApi_Test.GroupsCRUD_Test" name="addNewGroupInWedding_Test" time="0.248"/>
  <testcase classname="weddingKartApi_Test.GroupsCRUD_Test" name="addNewGroupInWedding_Test" time="0.199"/>
  <testcase classname="weddingKartApi_Test.GroupsCRUD_Test" name="addNewGroupInWedding_Test" time="0.19"/>
  <testcase classname="weddingKartApi_Test.GroupsCRUD_Test" name="listGroupsInWedding_Test" time="0.209"/>
  <testcase classname="weddingKartApi_Test.GroupsCRUD_Test" name="renameGroup_Test" time="0.201"/>
  <testcase classname="weddingKartApi_Test.GroupsCRUD_Test" name="mergeGroups_Test" time="0.289"/>
  <testcase classname="weddingKartApi_Test.GroupsCRUD_Test" name="deleteAllGroupsFromWedding_Test" time="0.226"/>
  <testcase classname="weddingKartApi_Test.GroupsCRUD_Test" name="deleteGroupFromWedding_Test" time="0.19"/>
  <testcase classname="weddingKartApi_Test.UserLogin_Test" name="sendOTP_Test" time="0.702"/>
  <testcase classname="weddingKartApi_Test.UserLogin_Test" name="updateUserDetails" time="0.249"/>
  <testcase classname="weddingKartApi_Test.UserLogin_Test" name="userCredits" time="0.209"/>
  <testcase classname="weddingKartApi_Test.UserLogin_Test" name="authenticateOTP_Test" time="0.702"/>
  <testcase classname="weddingKartApi_Test.EventCRUD_Test" name="addEvent_Test" time="0.217"/>
  <testcase classname="weddingKartApi_Test.EventCRUD_Test" name="listEvents_Test" time="0.24"/>
  <testcase classname="weddingKartApi_Test.EventCRUD_Test" name="updateEvent_Test" time="0.19"/>
  <testcase classname="weddingKartApi_Test.EventCRUD_Test" name="getEventByEventID_Test" time="0.303"/>
  <testcase classname="weddingKartApi_Test.EventCRUD_Test" name="deleteEventById_Test" time="0.182"/>
  <testcase classname="weddingKartApi_Test.WeddingCRUD_Test" name="addNewWedding_Test" time="1.829"/>
  <testcase classname="weddingKartApi_Test.WeddingCRUD_Test" name="listAllWeddings_Test" time="0.335"/>
  <testcase classname="weddingKartApi_Test.WeddingCRUD_Test" name="listWeddingCreatedByMe" time="0.188"/>
  <testcase classname="weddingKartApi_Test.WeddingCRUD_Test" name="getSingleWedding_Test" time="0.239"/>
  <testcase classname="weddingKartApi_Test.WeddingCRUD_Test" name="updateWeddingDetails_Test" time="0.179"/>
  <testcase classname="weddingKartApi_Test.WeddingCRUD_Test" name="deleteWedding_Test" time="0.21"/>
  <testcase classname="weddingKart_GenericUtility.BaseClass" name="@BeforeSuite configBS" time="0.0">
    <ignored/>
  </testcase> <!-- @BeforeSuite configBS -->
  <testcase classname="weddingKart_GenericUtility.BaseClass" name="@AfterSuite configAS" time="0.0">
    <ignored/>
  </testcase> <!-- @AfterSuite configAS -->
  <testcase classname="weddingKart_GenericUtility.BaseClass" name="@AfterSuite configAS" time="0.0">
    <ignored/>
  </testcase> <!-- @AfterSuite configAS -->
  <testcase classname="weddingKart_GenericUtility.BaseClass" name="@AfterSuite configAS" time="0.0">
    <ignored/>
  </testcase> <!-- @AfterSuite configAS -->
  <testcase classname="weddingKart_GenericUtility.BaseClass" name="@BeforeSuite configBS" time="0.0">
    <ignored/>
  </testcase> <!-- @BeforeSuite configBS -->
  <testcase classname="weddingKart_GenericUtility.BaseClass" name="@BeforeSuite configBS" time="0.0">
    <ignored/>
  </testcase> <!-- @BeforeSuite configBS -->
  <testcase classname="weddingKart_GenericUtility.BaseClass" name="@BeforeSuite configBS" time="0.0">
    <ignored/>
  </testcase> <!-- @BeforeSuite configBS -->
  <testcase classname="weddingKart_GenericUtility.BaseClass" name="@AfterSuite configAS" time="0.0">
    <ignored/>
  </testcase> <!-- @AfterSuite configAS -->
</testsuite> <!-- Test -->
