<?xml version="1.0" encoding="UTF-8"?>
<testng-results ignored="0" total="1" passed="1" failed="0" skipped="0">
  <reporter-output>
  </reporter-output>
  <suite started-at="2025-05-26T15:21:26 IST" name="Default suite" finished-at="2025-05-26T15:21:32 IST" duration-ms="5424">
    <groups>
    </groups>
    <test started-at="2025-05-26T15:21:26 IST" name="Default test" finished-at="2025-05-26T15:21:32 IST" duration-ms="5424">
      <class name="weddingKartApi_Test.EventCRUD_Test">
        <test-method is-config="true" signature="configBS()[pri:0, instance:weddingKartApi_Test.EventCRUD_Test@31304f14]" started-at="2025-05-26T15:21:25 IST" name="configBS" finished-at="2025-05-26T15:21:26 IST" duration-ms="1204" status="PASS">
          <reporter-output>
          </reporter-output>
        </test-method> <!-- configBS -->
        <test-method is-config="true" signature="configBC()[pri:0, instance:weddingKartApi_Test.EventCRUD_Test@31304f14]" started-at="2025-05-26T15:21:26 IST" name="configBC" finished-at="2025-05-26T15:21:31 IST" duration-ms="4783" status="PASS">
          <reporter-output>
          </reporter-output>
        </test-method> <!-- configBC -->
        <test-method signature="addEvent_Test()[pri:0, instance:weddingKartApi_Test.EventCRUD_Test@31304f14]" started-at="2025-05-26T15:21:31 IST" name="addEvent_Test" finished-at="2025-05-26T15:21:31 IST" duration-ms="229" status="PASS">
          <reporter-output>
          </reporter-output>
        </test-method> <!-- addEvent_Test -->
        <test-method is-config="true" signature="configAC()[pri:0, instance:weddingKartApi_Test.EventCRUD_Test@31304f14]" started-at="2025-05-26T15:21:31 IST" name="configAC" finished-at="2025-05-26T15:21:32 IST" duration-ms="351" status="PASS">
          <reporter-output>
          </reporter-output>
        </test-method> <!-- configAC -->
        <test-method is-config="true" signature="configAS()[pri:0, instance:weddingKartApi_Test.EventCRUD_Test@31304f14]" started-at="2025-05-26T15:21:32 IST" name="configAS" finished-at="2025-05-26T15:21:32 IST" duration-ms="0" status="PASS">
          <reporter-output>
          </reporter-output>
        </test-method> <!-- configAS -->
      </class> <!-- weddingKartApi_Test.EventCRUD_Test -->
    </test> <!-- Default test -->
  </suite> <!-- Default suite -->
</testng-results>
